<?xml version="1.0" encoding="UTF-8"?>
<!-- Generated by org.testng.reporters.JUnitReportReporter -->
<testsuite hostname="DESKTOP-RK7A61D" failures="0" tests="1" name="CRUD_without_BDD.GetAllProjectsTest" time="2.636" errors="0" timestamp="2022-12-09T12:27:38 IST" skipped="0">
  <testcase classname="CRUD_without_BDD.GetAllProjectsTest" name="getAllProjects" time="2.636"/>
  <system-out/>
</testsuite> <!-- CRUD_without_BDD.GetAllProjectsTest -->
