<?xml version="1.0" encoding="UTF-8"?>
<!-- Generated by org.testng.reporters.JUnitReportReporter -->
<testsuite hostname="DESKTOP-RK7A61D" failures="0" tests="1" name="CRUD_with_BDD.CreateProjectTest" time="3.237" errors="0" timestamp="2022-12-09T15:12:38 IST" skipped="0">
  <testcase classname="CRUD_with_BDD.CreateProjectTest" name="createProject" time="3.237"/>
  <system-out/>
</testsuite> <!-- CRUD_with_BDD.CreateProjectTest -->
