<?xml version="1.0" encoding="UTF-8"?>
<!-- Generated by org.testng.reporters.JUnitReportReporter -->
<testsuite skipped="0" hostname="DESKTOP-RK7A61D" name="Static_Dynamic_Response_Validation.Response_Time_Validation" tests="1" failures="0" timestamp="2022-12-12T11:36:50 IST" time="2.973" errors="0">
  <testcase name="responseTimeValidation" time="2.973" classname="Static_Dynamic_Response_Validation.Response_Time_Validation"/>
  <system-out/>
</testsuite> <!-- Static_Dynamic_Response_Validation.Response_Time_Validation -->
