<?xml version="1.0" encoding="UTF-8"?>
<!-- Generated by org.testng.reporters.JUnitReportReporter -->
<testsuite hostname="DESKTOP-RK7A61D" failures="0" tests="1" name="CRUD_without_BDD.CreateProjectTest" time="2.748" errors="0" timestamp="2022-12-09T12:45:50 IST" skipped="0">
  <testcase classname="CRUD_without_BDD.CreateProjectTest" name="createProj" time="2.748"/>
  <system-out/>
</testsuite> <!-- CRUD_without_BDD.CreateProjectTest -->
