<?xml version="1.0" encoding="UTF-8"?>
<!-- Generated by org.testng.reporters.JUnitReportReporter -->
<testsuite skipped="0" hostname="DESKTOP-RK7A61D" name="authenticationTypes.Bearer_Token" tests="1" failures="0" timestamp="2022-12-13T11:25:06 IST" time="4.828" errors="0">
  <testcase name="bearerToken" time="4.828" classname="authenticationTypes.Bearer_Token"/>
  <system-out/>
</testsuite> <!-- authenticationTypes.Bearer_Token -->
