<?xml version="1.0" encoding="UTF-8"?>
<!-- Generated by org.testng.reporters.JUnitReportReporter -->
<testsuite skipped="0" hostname="DESKTOP-RK7A61D" name="serialization_deserialization.Deserialization" tests="1" failures="0" timestamp="2022-12-15T13:18:10 IST" time="0.260" errors="0">
  <testcase name="deserialization" time="0.260" classname="serialization_deserialization.Deserialization"/>
  <system-out/>
</testsuite> <!-- serialization_deserialization.Deserialization -->
