<?xml version="1.0" encoding="UTF-8"?>
<!-- Generated by org.testng.reporters.JUnitReportReporter -->
<testsuite hostname="DESKTOP-RK7A61D" failures="0" tests="1" name="CRUD_without_BDD.UpdateProjectTest" time="2.718" errors="0" timestamp="2022-12-09T12:22:26 IST" skipped="0">
  <testcase classname="CRUD_without_BDD.UpdateProjectTest" name="updateProj" time="2.718"/>
  <system-out/>
</testsuite> <!-- CRUD_without_BDD.UpdateProjectTest -->
