<?xml version="1.0" encoding="UTF-8"?>
<!-- Generated by org.testng.reporters.JUnitReportReporter -->
<testsuite skipped="0" hostname="DESKTOP-RK7A61D" name="authenticationTypes.Oauth" tests="1" failures="0" timestamp="2022-12-13T15:18:04 IST" time="4.170" errors="0">
  <testcase name="oauthAuthentication" time="4.170" classname="authenticationTypes.Oauth"/>
  <system-out/>
</testsuite> <!-- authenticationTypes.Oauth -->
