<?xml version="1.0" encoding="UTF-8"?>
<!-- Generated by org.testng.reporters.JUnitReportReporter -->
<testsuite skipped="0" hostname="DESKTOP-RK7A61D" name="serialization_deserialization.DeserializationwithObject" tests="1" failures="0" timestamp="2022-12-14T10:52:10 IST" time="0.314" errors="0">
  <testcase name="deserializationComplex" time="0.314" classname="serialization_deserialization.DeserializationwithObject"/>
  <system-out/>
</testsuite> <!-- serialization_deserialization.DeserializationwithObject -->
