<?xml version="1.0" encoding="UTF-8"?>
<!-- Generated by org.testng.reporters.JUnitReportReporter -->
<testsuite hostname="DESKTOP-RK7A61D" failures="0" tests="1" name="Parameter_with_BDD.ListUser_Reqres_QueryParamTest" time="2.890" errors="0" timestamp="2022-12-09T17:49:52 IST" skipped="0">
  <testcase classname="Parameter_with_BDD.ListUser_Reqres_QueryParamTest" name="getListUser" time="2.890"/>
  <system-out/>
</testsuite> <!-- Parameter_with_BDD.ListUser_Reqres_QueryParamTest -->
