<?xml version="1.0" encoding="UTF-8"?>
<!-- Generated by org.testng.reporters.JUnitReportReporter -->
<testsuite skipped="0" hostname="DESKTOP-RK7A61D" name="endToEndScenarios.EndToEndScenario2" tests="1" failures="0" timestamp="2022-12-16T16:16:38 IST" time="3.678" errors="0">
  <testcase name="endToEndScenario" time="3.678" classname="endToEndScenarios.EndToEndScenario2"/>
  <system-out/>
</testsuite> <!-- endToEndScenarios.EndToEndScenario2 -->
