<?xml version="1.0" encoding="UTF-8"?>
<!-- Generated by org.testng.reporters.JUnitReportReporter -->
<testsuite skipped="0" hostname="DESKTOP-RK7A61D" name="serialization_deserialization.SerializationWithObject" tests="1" failures="0" timestamp="2022-12-14T10:46:42 IST" time="0.288" errors="0">
  <testcase name="serializationwithObject" time="0.288" classname="serialization_deserialization.SerializationWithObject"/>
  <system-out/>
</testsuite> <!-- serialization_deserialization.SerializationWithObject -->
