<?xml version="1.0" encoding="UTF-8"?>
<!-- Generated by org.testng.reporters.JUnitReportReporter -->
<testsuite skipped="0" hostname="DESKTOP-RK7A61D" name="authenticationTypes.Basic_Preemptive" tests="1" failures="0" timestamp="2022-12-13T10:49:01 IST" time="2.726" errors="0">
  <testcase name="basicPreemptive" time="2.726" classname="authenticationTypes.Basic_Preemptive"/>
  <system-out/>
</testsuite> <!-- authenticationTypes.Basic_Preemptive -->
