<?xml version="1.0" encoding="UTF-8"?>
<!-- Generated by org.testng.reporters.JUnitReportReporter -->
<testsuite skipped="0" hostname="DESKTOP-RK7A61D" name="Static_Dynamic_Response_Validation.StaticResponseValidationGet" tests="1" failures="0" timestamp="2022-12-12T11:26:21 IST" time="2.712" errors="0">
  <testcase name="staticResponseValidation" time="2.712" classname="Static_Dynamic_Response_Validation.StaticResponseValidationGet"/>
  <system-out/>
</testsuite> <!-- Static_Dynamic_Response_Validation.StaticResponseValidationGet -->
