<?xml version="1.0" encoding="UTF-8"?>
<!-- Generated by org.testng.reporters.JUnitReportReporter -->
<testsuite skipped="0" hostname="DESKTOP-RK7A61D" name="authenticationTypes.Basic_Auth" tests="1" failures="0" timestamp="2022-12-13T10:35:34 IST" time="2.663" errors="0">
  <testcase name="basic_Auth" time="2.663" classname="authenticationTypes.Basic_Auth"/>
  <system-out/>
</testsuite> <!-- authenticationTypes.Basic_Auth -->
