<?xml version="1.0" encoding="UTF-8"?>
<!-- Generated by org.testng.reporters.JUnitReportReporter -->
<testsuite skipped="0" hostname="DESKTOP-RK7A61D" name="serialization_deserialization.Serialization" tests="1" failures="0" timestamp="2022-12-13T16:28:20 IST" time="0.300" errors="0">
  <testcase name="serialization" time="0.300" classname="serialization_deserialization.Serialization"/>
  <system-out/>
</testsuite> <!-- serialization_deserialization.Serialization -->
