<?xml version="1.0" encoding="UTF-8"?>
<!-- Generated by org.testng.reporters.JUnitReportReporter -->
<testsuite hostname="DESKTOP-RK7A61D" failures="0" tests="1" name="CRUD_with_BDD.GetSingleProjectTest" time="2.868" errors="0" timestamp="2022-12-09T13:21:21 IST" skipped="0">
  <testcase classname="CRUD_with_BDD.GetSingleProjectTest" name="getSingleProject" time="2.868"/>
  <system-out/>
</testsuite> <!-- CRUD_with_BDD.GetSingleProjectTest -->
