<?xml version="1.0" encoding="UTF-8"?>
<!-- Generated by org.testng.reporters.JUnitReportReporter -->
<testsuite skipped="0" hostname="DESKTOP-RK7A61D" name="Static_Dynamic_Response_Validation.Dynamic_Response_Validation" tests="1" failures="0" timestamp="2022-12-12T11:27:52 IST" time="3.732" errors="0">
  <testcase name="dynamicValidation" time="3.732" classname="Static_Dynamic_Response_Validation.Dynamic_Response_Validation"/>
  <system-out/>
</testsuite> <!-- Static_Dynamic_Response_Validation.Dynamic_Response_Validation -->
