<?xml version="1.0" encoding="UTF-8"?>
<!-- Generated by org.testng.reporters.JUnitReportReporter -->
<testsuite skipped="0" hostname="DESKTOP-RK7A61D" name="RequestChainning.Get_Create_Project_RC" tests="1" failures="0" timestamp="2022-12-12T15:40:58 IST" time="4.061" errors="0">
  <testcase name="Get_Create_Project" time="4.061" classname="RequestChainning.Get_Create_Project_RC"/>
  <system-out/>
</testsuite> <!-- RequestChainning.Get_Create_Project_RC -->
