<?xml version="1.0" encoding="UTF-8"?>
<!-- Generated by org.testng.reporters.JUnitReportReporter -->
<testsuite hostname="DESKTOP-RK7A61D" failures="0" tests="1" name="CRUD_with_BDD.DeleteProjectTest" time="2.436" errors="0" timestamp="2022-12-09T13:38:47 IST" skipped="0">
  <testcase classname="CRUD_with_BDD.DeleteProjectTest" name="deleteProject" time="2.436"/>
  <system-out/>
</testsuite> <!-- CRUD_with_BDD.DeleteProjectTest -->
