<?xml version="1.0" encoding="UTF-8"?>
<!-- Generated by org.testng.reporters.JUnitReportReporter -->
<testsuite skipped="0" hostname="DESKTOP-RK7A61D" name="Data_Provider.CreateProject_Using_DataProvider" tests="2" failures="0" timestamp="2022-12-12T16:57:29 IST" time="3.242" errors="0">
  <testcase name="createProject_DP" time="3.127" classname="Data_Provider.CreateProject_Using_DataProvider"/>
  <system-out/>
  <testcase name="createProject_DP" time="0.115" classname="Data_Provider.CreateProject_Using_DataProvider"/>
  <system-out/>
</testsuite> <!-- Data_Provider.CreateProject_Using_DataProvider -->
