<?xml version="1.0" encoding="UTF-8"?>
<!-- Generated by org.testng.reporters.JUnitReportReporter -->
<testsuite skipped="0" hostname="DESKTOP-RK7A61D" name="endToEndScenarios.EndToEndScenario1" tests="1" failures="0" timestamp="2022-12-15T11:27:34 IST" time="2.754" errors="0">
  <testcase name="createProject" time="2.754" classname="endToEndScenarios.EndToEndScenario1"/>
  <system-out/>
</testsuite> <!-- endToEndScenarios.EndToEndScenario1 -->
