<?xml version="1.0" encoding="UTF-8"?>
<!-- Generated by org.testng.reporters.JUnitReportReporter -->
<testsuite skipped="0" hostname="DESKTOP-RK7A61D" name="authenticationTypes.Basic_Digest" tests="1" failures="0" timestamp="2022-12-13T11:04:09 IST" time="2.718" errors="0">
  <testcase name="basicDigestAuth" time="2.718" classname="authenticationTypes.Basic_Digest"/>
  <system-out/>
</testsuite> <!-- authenticationTypes.Basic_Digest -->
