<?xml version="1.0" encoding="UTF-8"?>
<!-- Generated by org.testng.reporters.JUnitReportReporter -->
<testsuite skipped="0" hostname="DESKTOP-RK7A61D" name="serialization_deserialization.Deserialization_complex" tests="1" failures="0" timestamp="2022-12-13T17:23:49 IST" time="0.258" errors="0">
  <testcase name="deserializationComplex" time="0.258" classname="serialization_deserialization.Deserialization_complex"/>
  <system-out/>
</testsuite> <!-- serialization_deserialization.Deserialization_complex -->
